Using pre-set license
Built from '2020.3/staging' branch; Version is '2020.3.16f1 (049d6eca3c44) revision 302446'; Using compiler version '192528614'; Build Type 'Release'
OS: 'Windows 10 Home; OS build 19042.1466; Version 2009; 64bit' Language: 'ko' Physical Memory: 16265 MB
BatchMode: 1, IsHumanControllingUs: 0, StartBugReporterOnCrash: 0, Is64bit: 1, IsPro: 0

 COMMAND LINE ARGUMENTS:
C:\Program Files\Unity\Hub\Editor\2020.3.16f1\Editor\Unity.exe
-adb2
-batchMode
-noUpm
-name
AssetImportWorker0
-projectPath
C:/Users/AeonFlor/Desktop/project/metaverse_challenge/metaverse_challenge
-logFile
Logs/AssetImportWorker0.log
-srvPort
54506
Successfully changed project path to: C:/Users/AeonFlor/Desktop/project/metaverse_challenge/metaverse_challenge
C:/Users/AeonFlor/Desktop/project/metaverse_challenge/metaverse_challenge
Using Asset Import Pipeline V2.
Refreshing native plugins compatible for Editor in 22.66 ms, found 2 plugins.
Preloading 0 native plugins for Editor in 0.00 ms.
Initialize engine version: 2020.3.16f1 (049d6eca3c44)
[Subsystems] Discovering subsystems at path C:/Program Files/Unity/Hub/Editor/2020.3.16f1/Editor/Data/Resources/UnitySubsystems
[Subsystems] Discovering subsystems at path C:/Users/AeonFlor/Desktop/project/metaverse_challenge/metaverse_challenge/Assets
GfxDevice: creating device client; threaded=0
Direct3D:
    Version:  Direct3D 11.0 [level 11.1]
    Renderer: NVIDIA GeForce RTX 3060 (ID=0x2503)
    Vendor:   
    VRAM:     12143 MB
    Driver:   27.21.14.6172
Initialize mono
Mono path[0] = 'C:/Program Files/Unity/Hub/Editor/2020.3.16f1/Editor/Data/Managed'
Mono path[1] = 'C:/Program Files/Unity/Hub/Editor/2020.3.16f1/Editor/Data/MonoBleedingEdge/lib/mono/unityjit'
Mono config path = 'C:/Program Files/Unity/Hub/Editor/2020.3.16f1/Editor/Data/MonoBleedingEdge/etc'
Using monoOptions --debugger-agent=transport=dt_socket,embedding=1,server=y,suspend=n,address=127.0.0.1:56496
Begin MonoManager ReloadAssembly
Registering precompiled unity dll's ...
Register platform support module: C:/Program Files/Unity/Hub/Editor/2020.3.16f1/Editor/Data/PlaybackEngines/WindowsStandaloneSupport/UnityEditor.WindowsStandalone.Extensions.dll
Registered in 0.002920 seconds.
Native extension for WindowsStandalone target not found
Refreshing native plugins compatible for Editor in 19.92 ms, found 2 plugins.
Preloading 0 native plugins for Editor in 0.00 ms.
Mono: successfully reloaded assembly
- Completed reload, in  1.743 seconds
Domain Reload Profiling:
	ReloadAssembly (1744ms)
		BeginReloadAssembly (59ms)
			ExecutionOrderSort (0ms)
			DisableScriptedObjects (0ms)
			BackupInstance (0ms)
			ReleaseScriptingObjects (0ms)
			CreateAndSetChildDomain (1ms)
		EndReloadAssembly (267ms)
			LoadAssemblies (56ms)
			RebuildTransferFunctionScriptingTraits (0ms)
			SetupTypeCache (89ms)
			ReleaseScriptCaches (0ms)
			RebuildScriptCaches (19ms)
			SetupLoadedEditorAssemblies (104ms)
				LogAssemblyErrors (0ms)
				InitializePlatformSupportModulesInManaged (3ms)
				SetLoadedEditorAssemblies (0ms)
				RefreshPlugins (20ms)
				BeforeProcessingInitializeOnLoad (11ms)
				ProcessInitializeOnLoadAttributes (51ms)
				ProcessInitializeOnLoadMethodAttributes (19ms)
				AfterProcessingInitializeOnLoad (0ms)
				EditorAssembliesLoaded (0ms)
			ExecutionOrderSort2 (0ms)
			AwakeInstancesAfterBackupRestoration (0ms)
Platform modules already initialized, skipping
Registering precompiled user dll's ...
Registered in 0.005619 seconds.
Begin MonoManager ReloadAssembly
Native extension for WindowsStandalone target not found
Refreshing native plugins compatible for Editor in 0.27 ms, found 2 plugins.
Preloading 0 native plugins for Editor in 0.00 ms.
Mono: successfully reloaded assembly
- Completed reload, in  0.750 seconds
Domain Reload Profiling:
	ReloadAssembly (750ms)
		BeginReloadAssembly (113ms)
			ExecutionOrderSort (0ms)
			DisableScriptedObjects (3ms)
			BackupInstance (0ms)
			ReleaseScriptingObjects (0ms)
			CreateAndSetChildDomain (13ms)
		EndReloadAssembly (589ms)
			LoadAssemblies (82ms)
			RebuildTransferFunctionScriptingTraits (0ms)
			SetupTypeCache (173ms)
			ReleaseScriptCaches (0ms)
			RebuildScriptCaches (24ms)
			SetupLoadedEditorAssemblies (270ms)
				LogAssemblyErrors (0ms)
				InitializePlatformSupportModulesInManaged (4ms)
				SetLoadedEditorAssemblies (0ms)
				RefreshPlugins (0ms)
				BeforeProcessingInitializeOnLoad (61ms)
				ProcessInitializeOnLoadAttributes (192ms)
				ProcessInitializeOnLoadMethodAttributes (3ms)
				AfterProcessingInitializeOnLoad (10ms)
				EditorAssembliesLoaded (0ms)
			ExecutionOrderSort2 (0ms)
			AwakeInstancesAfterBackupRestoration (4ms)
Platform modules already initialized, skipping
========================================================================
Worker process is ready to serve import requests
Launched and connected shader compiler UnityShaderCompiler.exe after 0.07 seconds
Refreshing native plugins compatible for Editor in 0.27 ms, found 2 plugins.
Preloading 0 native plugins for Editor in 0.00 ms.
Unloading 1400 Unused Serialized files (Serialized files now loaded: 0)
System memory in use before: 65.5 MB.
System memory in use after: 65.5 MB.

Unloading 18 unused Assets to reduce memory usage. Loaded Objects now: 1837.
Total: 2.109800 ms (FindLiveObjects: 0.123700 ms CreateObjectMapping: 0.026400 ms MarkObjects: 1.907500 ms  DeleteObjects: 0.051500 ms)

AssetImportParameters requested are different than current active one (requested -> active):
  custom:framework-win-MediaFoundation: 216162199b28c13a410421893ffa2e32 -> 
  custom:video-decoder-ogg-theora: a1e56fd34408186e4bbccfd4996cb3dc -> 
  custom:container-muxer-webm: aa71ff27fc2769a1b78a27578f13a17b -> 
  custom:container-demuxer-webm: 4f35f7cbe854078d1ac9338744f61a02 -> 
  custom:container-demuxer-ogg: 62fdf1f143b41e24485cea50d1cbac27 -> 
  custom:video-encoder-webm-vp8: eb34c28f22e8b96e1ab97ce403110664 -> 
  custom:video-decoder-webm-vp8: 9c59270c3fd7afecdb556c50c9e8de78 -> 
  custom:audio-decoder-ogg-vorbis: bf7c407c2cedff20999df2af8eb42d56 -> 
  custom:audio-encoder-webm-vorbis: bf7c407c2cedff20999df2af8eb42d56 -> 
========================================================================
Received Import Request.
  path: Assets/PPT/TEST
  artifactKey: Guid(67a9c649b21256443960bd46810e9b17) Importer(815301076,1909f56bfc062723c751e8b465ee728b)
Start importing Assets/PPT/TEST using Guid(67a9c649b21256443960bd46810e9b17) Importer(815301076,1909f56bfc062723c751e8b465ee728b)  -> (artifact id: '92a40a2d86f0aa22eb7f603f3bbadf82') in 0.004997 seconds 
  Import took 0.006641 seconds .

========================================================================
Received Import Request.
  Time since last request: 0.000146 seconds.
  path: Assets/PPT/TEST/슬라이드3.PNG
  artifactKey: Guid(8615ce90038c2b145af7feabf4b2d2fc) Importer(815301076,1909f56bfc062723c751e8b465ee728b)
Start importing Assets/PPT/TEST/슬라이드3.PNG using Guid(8615ce90038c2b145af7feabf4b2d2fc) Importer(815301076,1909f56bfc062723c751e8b465ee728b)  -> (artifact id: '9208adfe8fffd0a4fc12a7e8e50331eb') in 0.101070 seconds 
  Import took 0.102600 seconds .

========================================================================
Received Import Request.
  Time since last request: 0.000169 seconds.
  path: Assets/PPT/TEST/슬라이드1.PNG
  artifactKey: Guid(7ae4fd1209b3f0d4fb57dde12a5176a7) Importer(815301076,1909f56bfc062723c751e8b465ee728b)
Start importing Assets/PPT/TEST/슬라이드1.PNG using Guid(7ae4fd1209b3f0d4fb57dde12a5176a7) Importer(815301076,1909f56bfc062723c751e8b465ee728b)  -> (artifact id: 'ab08b0b89bd00ba2e546f04ad275958f') in 0.008885 seconds 
  Import took 0.010663 seconds .

========================================================================
Received Import Request.
  Time since last request: 0.000172 seconds.
  path: Assets/PPT/TEST/슬라이드4.PNG
  artifactKey: Guid(685ba84934a27fd4c9fda127ec552b60) Importer(815301076,1909f56bfc062723c751e8b465ee728b)
Start importing Assets/PPT/TEST/슬라이드4.PNG using Guid(685ba84934a27fd4c9fda127ec552b60) Importer(815301076,1909f56bfc062723c751e8b465ee728b)  -> (artifact id: 'e0bccb10be981696fd9cc81723fe89b2') in 0.008881 seconds 
  Import took 0.010880 seconds .

========================================================================
Received Import Request.
  Time since last request: 0.000166 seconds.
  path: Assets/PPT/TEST/슬라이드1.PNG
  artifactKey: Guid(7ae4fd1209b3f0d4fb57dde12a5176a7) Importer(815301076,1909f56bfc062723c751e8b465ee728b)
Start importing Assets/PPT/TEST/슬라이드1.PNG using Guid(7ae4fd1209b3f0d4fb57dde12a5176a7) Importer(815301076,1909f56bfc062723c751e8b465ee728b)  -> (artifact id: 'ab08b0b89bd00ba2e546f04ad275958f') in 0.006670 seconds 
  Import took 0.008273 seconds .

========================================================================
Received Import Request.
  Time since last request: 0.000142 seconds.
  path: Assets/PPT/TEST/슬라이드2.PNG
  artifactKey: Guid(3b462fb2d8293f14b878bb386bac2dfc) Importer(815301076,1909f56bfc062723c751e8b465ee728b)
Start importing Assets/PPT/TEST/슬라이드2.PNG using Guid(3b462fb2d8293f14b878bb386bac2dfc) Importer(815301076,1909f56bfc062723c751e8b465ee728b)  -> (artifact id: 'a3b222c345fae8c73a6810cdb4955a1e') in 0.007279 seconds 
  Import took 0.008796 seconds .

========================================================================
Received Import Request.
  Time since last request: 0.000162 seconds.
  path: Assets/PPT/TEST/슬라이드5.PNG
  artifactKey: Guid(c4a46b5ee7fa86648888324cdd86c719) Importer(815301076,1909f56bfc062723c751e8b465ee728b)
Start importing Assets/PPT/TEST/슬라이드5.PNG using Guid(c4a46b5ee7fa86648888324cdd86c719) Importer(815301076,1909f56bfc062723c751e8b465ee728b)  -> (artifact id: '82a20e9f40b0492621b9f3f60b94071e') in 0.007601 seconds 
  Import took 0.009314 seconds .

AssetImportWorkerClient::OnTransportError - code=2 error=End of file
